17
1
2
2
0
0
1
1
0
1
2
0
1
0
2
0
1
0
0
3
0
1
13
2
2
1
0
0
2
2
3
1
0
0
0
4
0
0
0
1
2
2
0
0
3
0
1
0
2
4
4
0
0
2
3
1
1
14
1
0
3
0
0
2
5
2
0
2
1
0
6
1
0
3
2
0
0
0
0
17
1
1
1
0
0
0
0
0
0
0
2
1
0
0
12
0
0
0
0
0
549 1474

2 1 -1098 549 2
88 549
80 2536
1987

3 1 -2948 1474 2
88 0
80 2060
-888

4 1 -3974 1987 2
88 0
80 -4154
-8128

5 1 1776 -888 2
88 0
80 -7587
-5811

6 1 16256 -8128 2
88 0
80 -8771
7485

7 1 11622 -5811 2
88 0
80 -29004
-17382
-20714
1871
4488
4807
1340
1021
1132
567
1852
395
3186
519
1496
431
1767
1328
1747
1227
694
5587
935
1742
801487
2713
2845
1970
524
800
2487
3593
2026
1234
1592
109
1778
5954
304
1224
1131
1616
3766
5227
833
235
7982
1153
1310
1806
1962
890
5656
789
1437
7545
6288
1802
1469
221392
1691
756
8021
1223
593
8310
-66030
5138
1295
1544
1567
1194
38378
2218
1856
1814
3503
1148
1581
1535
1125
-25085
1279
1330
1926
1301
922
1900
1493
1118
680
1163
8273
1336
1142
1398
452721
1442
539
1179
1011
786
